Base path: E:/Program Files (x86)/Unity/Editor/Data
Pipe name: \\.\pipe\UnityShaderCompiler-1-6412
Cmd: getPlatforms
Cmd: preprocess
  insize=683 outsize=683 ok=1
Cmd: preprocess
  insize=1846 outsize=1284 ok=1
Cmd: compileSnippet
  error: 1 plat 1 at (66): implicit cast from "float4" to "half3"
  error: 1 plat 1 at (67): implicit cast from "half4" to "half3"
  error: 2 plat 1 at /UnityCG.cginc(75): variable "tangent" domain conflicts with semantics "TANGENT"
  error: 2 plat 1 at /UnityCG.cginc(76): variable "normal" domain conflicts with semantics "NORMAL"
  api=1 type=0 insize=5559 outsize=0 kw=DIRECTIONAL LIGHTMAP_OFF DIRLIGHTMAP_OFF ok=0
Cmd: preprocess
  insize=838 outsize=838 ok=1
Cmd: preprocess
  insize=2390 outsize=838 ok=1
Cmd: compileSnippet
  api=1 type=0 insize=1131 outsize=206 kw= ok=1
Cmd: compileSnippet
  api=1 type=1 insize=1131 outsize=81 kw= ok=1
Cmd: compileSnippet
  api=1 type=0 insize=1028 outsize=202 kw= ok=1
Cmd: compileSnippet
  api=1 type=1 insize=1028 outsize=81 kw= ok=1
Cmd: preprocess
  insize=763 outsize=763 ok=1
Cmd: preprocess
  insize=1088 outsize=1253 ok=1
Cmd: compileSnippet
  api=1 type=0 insize=5068 outsize=699 kw=DIRECTIONAL SHADOWS_OFF LIGHTMAP_OFF DIRLIGHTMAP_OFF ok=1
Cmd: compileSnippet
  api=1 type=1 insize=5068 outsize=332 kw=DIRECTIONAL SHADOWS_OFF LIGHTMAP_OFF DIRLIGHTMAP_OFF ok=1
Cmd: compileSnippet
  api=1 type=0 insize=3015 outsize=506 kw=POINT ok=1
Cmd: compileSnippet
  api=1 type=1 insize=3015 outsize=437 kw=POINT ok=1
Cmd: compileSnippet
  api=1 type=0 insize=2517 outsize=312 kw= ok=1
Cmd: compileSnippet
  api=1 type=1 insize=2517 outsize=118 kw= ok=1
Cmd: compileSnippet
  api=1 type=0 insize=4756 outsize=724 kw=LIGHTMAP_OFF DIRLIGHTMAP_OFF HDR_LIGHT_PREPASS_OFF ok=1
Cmd: compileSnippet
  api=1 type=1 insize=4756 outsize=314 kw=LIGHTMAP_OFF DIRLIGHTMAP_OFF HDR_LIGHT_PREPASS_OFF ok=1
